# JRE version: OpenJDK Runtime Environment (8.0_242-b01) (build 1.8.0_242-release-1644-b01)
# Java VM: OpenJDK 64-Bit Server VM (25.242-b01 mixed mode windows-amd64 compressed oops)
Heap:
 PSYoungGen      total 605184K, used 542348K [0x00000000d5580000, 0x0000000100000000, 0x0000000100000000)
  eden space 523776K, 92% used [0x00000000d5580000,0x00000000f2c3f600,0x00000000f5500000)
  from space 81408K, 74% used [0x00000000fa800000,0x00000000fe2e3ce8,0x00000000ff780000)
  to   space 84992K, 0% used [0x00000000f5500000,0x00000000f5500000,0x00000000fa800000)
 ParOldGen       total 228352K, used 128659K [0x0000000080000000, 0x000000008df00000, 0x00000000d5580000)
  object space 228352K, 56% used [0x0000000080000000,0x0000000087da4e68,0x000000008df00000)
 Metaspace       used 173090K, capacity 186360K, committed 186672K, reserved 1212416K
  class space    used 21991K, capacity 24355K, committed 24368K, reserved 1048576K
GC Heap History (10 events):
Event: 18656.945 GC heap before
{Heap before GC invocations=57 (full 5):
 PSYoungGen      total 606720K, used 534968K [0x00000000d5580000, 0x0000000100000000, 0x0000000100000000)
  eden space 514560K, 100% used [0x00000000d5580000,0x00000000f4c00000,0x00000000f4c00000)
  from space 92160K, 22% used [0x00000000f4c00000,0x00000000f5fee170,0x00000000fa600000)
  to   space 91648K, 0% used [0x00000000fa680000,0x00000000fa680000,0x0000000100000000)
 ParOldGen       total 228352K, used 127823K [0x0000000080000000, 0x000000008df00000, 0x00000000d5580000)
  object space 228352K, 55% used [0x0000000080000000,0x0000000087cd3e38,0x000000008df00000)
 Metaspace       used 172351K, capacity 185360K, committed 185520K, reserved 1210368K
  class space    used 21918K, capacity 24239K, committed 24240K, reserved 1048576K
Event: 18657.009 GC heap after
Heap after GC invocations=57 (full 5):
 PSYoungGen      total 602112K, used 26944K [0x00000000d5580000, 0x00000000ffb80000, 0x0000000100000000)
  eden space 515072K, 0% used [0x00000000d5580000,0x00000000d5580000,0x00000000f4c80000)
  from space 87040K, 30% used [0x00000000fa680000,0x00000000fc0d0360,0x00000000ffb80000)
  to   space 89600K, 0% used [0x00000000f4c80000,0x00000000f4c80000,0x00000000fa400000)
 ParOldGen       total 228352K, used 128499K [0x0000000080000000, 0x000000008df00000, 0x00000000d5580000)
  object space 228352K, 56% used [0x0000000080000000,0x0000000087d7ce68,0x000000008df00000)
 Metaspace       used 172351K, capacity 185360K, committed 185520K, reserved 1210368K
  class space    used 21918K, capacity 24239K, committed 24240K, reserved 1048576K
}
Event: 18660.220 GC heap before
{Heap before GC invocations=58 (full 5):
 PSYoungGen      total 602112K, used 542016K [0x00000000d5580000, 0x00000000ffb80000, 0x0000000100000000)
  eden space 515072K, 100% used [0x00000000d5580000,0x00000000f4c80000,0x00000000f4c80000)
  from space 87040K, 30% used [0x00000000fa680000,0x00000000fc0d0360,0x00000000ffb80000)
  to   space 89600K, 0% used [0x00000000f4c80000,0x00000000f4c80000,0x00000000fa400000)
 ParOldGen       total 228352K, used 128499K [0x0000000080000000, 0x000000008df00000, 0x00000000d5580000)
  object space 228352K, 56% used [0x0000000080000000,0x0000000087d7ce68,0x000000008df00000)
 Metaspace       used 172392K, capacity 185378K, committed 185520K, reserved 1210368K
  class space    used 21919K, capacity 24240K, committed 24240K, reserved 1048576K
Event: 18660.262 GC heap after
Heap after GC invocations=58 (full 5):
 PSYoungGen      total 604672K, used 44033K [0x00000000d5580000, 0x00000000ffb80000, 0x0000000100000000)
  eden space 515072K, 0% used [0x00000000d5580000,0x00000000d5580000,0x00000000f4c80000)
  from space 89600K, 49% used [0x00000000f4c80000,0x00000000f7780528,0x00000000fa400000)
  to   space 86016K, 0% used [0x00000000fa780000,0x00000000fa780000,0x00000000ffb80000)
 ParOldGen       total 228352K, used 128507K [0x0000000080000000, 0x000000008df00000, 0x00000000d5580000)
  object space 228352K, 56% used [0x0000000080000000,0x0000000087d7ee68,0x000000008df00000)
 Metaspace       used 172392K, capacity 185378K, committed 185520K, reserved 1210368K
  class space    used 21919K, capacity 24240K, committed 24240K, reserved 1048576K
}
Event: 19125.503 GC heap before
{Heap before GC invocations=59 (full 5):
 PSYoungGen      total 604672K, used 559105K [0x00000000d5580000, 0x00000000ffb80000, 0x0000000100000000)
  eden space 515072K, 100% used [0x00000000d5580000,0x00000000f4c80000,0x00000000f4c80000)
  from space 89600K, 49% used [0x00000000f4c80000,0x00000000f7780528,0x00000000fa400000)
  to   space 86016K, 0% used [0x00000000fa780000,0x00000000fa780000,0x00000000ffb80000)
 ParOldGen       total 228352K, used 128507K [0x0000000080000000, 0x000000008df00000, 0x00000000d5580000)
  object space 228352K, 56% used [0x0000000080000000,0x0000000087d7ee68,0x000000008df00000)
 Metaspace       used 172440K, capacity 185460K, committed 185648K, reserved 1210368K
  class space    used 21922K, capacity 24243K, committed 24368K, reserved 1048576K
Event: 19125.524 GC heap after
Heap after GC invocations=59 (full 5):
 PSYoungGen      total 608768K, used 18591K [0x00000000d5580000, 0x00000000ffb80000, 0x0000000100000000)
  eden space 522752K, 0% used [0x00000000d5580000,0x00000000d5580000,0x00000000f5400000)
  from space 86016K, 21% used [0x00000000fa780000,0x00000000fb9a7d70,0x00000000ffb80000)
  to   space 85504K, 0% used [0x00000000f5400000,0x00000000f5400000,0x00000000fa780000)
 ParOldGen       total 228352K, used 128515K [0x0000000080000000, 0x000000008df00000, 0x00000000d5580000)
  object space 228352K, 56% used [0x0000000080000000,0x0000000087d80e68,0x000000008df00000)
 Metaspace       used 172440K, capacity 185460K, committed 185648K, reserved 1210368K
  class space    used 21922K, capacity 24243K, committed 24368K, reserved 1048576K
}
Event: 19152.931 GC heap before
{Heap before GC invocations=60 (full 5):
 PSYoungGen      total 608768K, used 541105K [0x00000000d5580000, 0x00000000ffb80000, 0x0000000100000000)
  eden space 522752K, 99% used [0x00000000d5580000,0x00000000f53c47f8,0x00000000f5400000)
  from space 86016K, 21% used [0x00000000fa780000,0x00000000fb9a7d70,0x00000000ffb80000)
  to   space 85504K, 0% used [0x00000000f5400000,0x00000000f5400000,0x00000000fa780000)
 ParOldGen       total 228352K, used 128515K [0x0000000080000000, 0x000000008df00000, 0x00000000d5580000)
  object space 228352K, 56% used [0x0000000080000000,0x0000000087d80e68,0x000000008df00000)
 Metaspace       used 172785K, capacity 185978K, committed 186160K, reserved 1210368K
  class space    used 21969K, capacity 24318K, committed 24368K, reserved 1048576K
Event: 19152.995 GC heap after
Heap after GC invocations=60 (full 5):
 PSYoungGen      total 608256K, used 36550K [0x00000000d5580000, 0x00000000ff780000, 0x0000000100000000)
  eden space 522752K, 0% used [0x00000000d5580000,0x00000000d5580000,0x00000000f5400000)
  from space 85504K, 42% used [0x00000000f5400000,0x00000000f77b18f0,0x00000000fa780000)
  to   space 81408K, 0% used [0x00000000fa800000,0x00000000fa800000,0x00000000ff780000)
 ParOldGen       total 228352K, used 128523K [0x0000000080000000, 0x000000008df00000, 0x00000000d5580000)
  object space 228352K, 56% used [0x0000000080000000,0x0000000087d82e68,0x000000008df00000)
 Metaspace       used 172785K, capacity 185978K, committed 186160K, reserved 1210368K
  class space    used 21969K, capacity 24318K, committed 24368K, reserved 1048576K
}
Event: 19155.669 GC heap before
{Heap before GC invocations=61 (full 5):
 PSYoungGen      total 608256K, used 559302K [0x00000000d5580000, 0x00000000ff780000, 0x0000000100000000)
  eden space 522752K, 100% used [0x00000000d5580000,0x00000000f5400000,0x00000000f5400000)
  from space 85504K, 42% used [0x00000000f5400000,0x00000000f77b18f0,0x00000000fa780000)
  to   space 81408K, 0% used [0x00000000fa800000,0x00000000fa800000,0x00000000ff780000)
 ParOldGen       total 228352K, used 128523K [0x0000000080000000, 0x000000008df00000, 0x00000000d5580000)
  object space 228352K, 56% used [0x0000000080000000,0x0000000087d82e68,0x000000008df00000)
 Metaspace       used 172827K, capacity 186054K, committed 186160K, reserved 1210368K
  class space    used 21971K, capacity 24320K, committed 24368K, reserved 1048576K
Event: 19155.723 GC heap after
Heap after GC invocations=61 (full 5):
 PSYoungGen      total 605184K, used 60303K [0x00000000d5580000, 0x0000000100000000, 0x0000000100000000)
  eden space 523776K, 0% used [0x00000000d5580000,0x00000000d5580000,0x00000000f5500000)
  from space 81408K, 74% used [0x00000000fa800000,0x00000000fe2e3ce8,0x00000000ff780000)
  to   space 84992K, 0% used [0x00000000f5500000,0x00000000f5500000,0x00000000fa800000)
 ParOldGen       total 228352K, used 128659K [0x0000000080000000, 0x000000008df00000, 0x00000000d5580000)
  object space 228352K, 56% used [0x0000000080000000,0x0000000087da4e68,0x000000008df00000)
 Metaspace       used 172827K, capacity 186054K, committed 186160K, reserved 1210368K
  class space    used 21971K, capacity 24320K, committed 24368K, reserved 1048576K
}

